This file contains any messages produced by compilers while
running configure, to aid debugging if configure makes a mistake.

configure:724: checking host system type
configure:745: checking target system type
configure:763: checking build system type
configure:824: checking for gawk
configure:1885: checking for gcc
configure:1998: checking whether the C compiler (gcc  ) works
configure:2014: gcc -o conftest    conftest.c  1>&5
configure:2040: checking whether the C compiler (gcc  ) is a cross-compiler
configure:2045: checking whether we are using GNU C
configure:2054: gcc -E conftest.c
configure:2073: checking whether gcc accepts -g
configure:2109: checking for c++
configure:2141: checking whether the C++ compiler (c++  ) works
configure:2157: c++ -o conftest    conftest.C  1>&5
configure:2183: checking whether the C++ compiler (c++  ) is a cross-compiler
configure:2188: checking whether we are using GNU C++
configure:2197: c++ -E conftest.C
configure:2216: checking whether c++ accepts -g
configure:2265: gcc -c   conftest.c 1>&5
configure:2282: gcc -c   conftest.c 1>&5
configure: In function 'main':
configure:2278: warning: incompatible implicit declaration of built-in function 'exit'
configure:2301: checking for ranlib
configure:2333: checking for as
configure:2374: checking for ar
configure:2409: checking for ld
configure:2444: checking for strip
configure:2479: checking for windres
configure:2837: checking whether gcc and cc understand -c and -o together
configure:2852: gcc -c conftest.c -o conftest.o 1>&5
configure:2853: gcc -c conftest.c -o conftest.o 1>&5
configure:2858: cc -c conftest.c 1>&5
configure:2860: cc -c conftest.c -o conftest.o 1>&5
configure:2861: cc -c conftest.c -o conftest.o 1>&5
configure:2897: checking how to run the C preprocessor
configure:2918: gcc -E  conftest.c >/dev/null 2>conftest.out
configure:2977: checking how to run the C++ preprocessor
configure:2995: c++ -E  conftest.C >/dev/null 2>conftest.out
configure:3071: checking for a BSD compatible install
configure:3124: checking whether ln -s works
configure:3149: checking for perl5
configure:3149: checking for perl
configure:3190: checking for minimum required perl version >= 5.006
configure:3201: checking for full perl installation
configure:3216: checking for python
configure:3260: checking for nsinstall
configure:3305: checking for doxygen
configure:3341: checking for whoami
configure:3377: checking for autoconf
configure:3413: checking for unzip
configure:3451: checking for zip
configure:3492: checking for makedepend
configure:3527: checking for xargs
configure:3850: checking for gmake
configure:3850: checking for make
configure:3918: checking for X
configure:3985: gcc -E  conftest.c >/dev/null 2>conftest.out
configure:4061: gcc -o conftest    conftest.c -lXt  1>&5
configure:4232: checking for dnet_ntoa in -ldnet
configure:4251: gcc -o conftest    conftest.c -ldnet   1>&5
/usr/bin/ld: cannot find -ldnet
collect2: ld returned 1 exit status
configure: failed program was:
#line 4240 "configure"
#include "confdefs.h"
/* Override any gcc2 internal prototype to avoid an error.  */
/* We use char because int might match the return type of a gcc2
    builtin and then its argument prototype would still apply.  */
char dnet_ntoa();

int main() {
dnet_ntoa()
; return 0; }
configure:4273: checking for dnet_ntoa in -ldnet_stub
configure:4292: gcc -o conftest    conftest.c -ldnet_stub   1>&5
/usr/bin/ld: cannot find -ldnet_stub
collect2: ld returned 1 exit status
configure: failed program was:
#line 4281 "configure"
#include "confdefs.h"
/* Override any gcc2 internal prototype to avoid an error.  */
/* We use char because int might match the return type of a gcc2
    builtin and then its argument prototype would still apply.  */
char dnet_ntoa();

int main() {
dnet_ntoa()
; return 0; }
configure:4321: checking for gethostbyname
configure:4349: gcc -o conftest    conftest.c  1>&5
configure:4419: checking for connect
configure:4447: gcc -o conftest    conftest.c  1>&5
configure:4511: checking for remove
configure:4539: gcc -o conftest    conftest.c  1>&5
configure:4603: checking for shmat
configure:4631: gcc -o conftest    conftest.c  1>&5
configure:4704: checking for IceConnectionNumber in -lICE
configure:4723: gcc -o conftest    conftest.c -lICE   1>&5
configure:5211: checking whether the compiler supports -Wno-invalid-offsetof
configure:5234: c++ -c  -fno-strict-aliasing -Wno-invalid-offsetof   conftest.C 1>&5
configure:5269: checking whether ld has archive extraction flags
configure:5293: gcc -o conftest  -fno-strict-aliasing   -Wl,--whole-archive conftest.c -Wl,--no-whole-archive 1>&5
configure:5326: checking that static assertion macros used in autoconf tests work
configure:5347: gcc -c  -fno-strict-aliasing   conftest.c 1>&5
configure:5364: gcc -c  -fno-strict-aliasing   conftest.c 1>&5
configure: In function 'main':
configure:5365: error: size of array 'static_assert_line_5364' is negative
configure: failed program was:
#line 5357 "configure"
#include "confdefs.h"

#define CONFIGURE_STATIC_ASSERT(condition) CONFIGURE_STATIC_ASSERT_IMPL(condition, __LINE__)
#define CONFIGURE_STATIC_ASSERT_IMPL(condition, line) CONFIGURE_STATIC_ASSERT_IMPL2(condition, line)
#define CONFIGURE_STATIC_ASSERT_IMPL2(condition, line) typedef int static_assert_line_##line[(condition) ? 1 : -1]

int main() {
CONFIGURE_STATIC_ASSERT(0)
; return 0; }
configure:5387: c++ -c  -fno-strict-aliasing   conftest.C 1>&5
configure:5404: c++ -c  -fno-strict-aliasing   conftest.C 1>&5
configure: In function 'int main()':
configure:5404: error: size of array 'static_assert_line_5404' is negative
configure: failed program was:
#line 5397 "configure"
#include "confdefs.h"

#define CONFIGURE_STATIC_ASSERT(condition) CONFIGURE_STATIC_ASSERT_IMPL(condition, __LINE__)
#define CONFIGURE_STATIC_ASSERT_IMPL(condition, line) CONFIGURE_STATIC_ASSERT_IMPL2(condition, line)
#define CONFIGURE_STATIC_ASSERT_IMPL2(condition, line) typedef int static_assert_line_##line[(condition) ? 1 : -1]

int main() {
CONFIGURE_STATIC_ASSERT(0)
; return 0; }
configure:5438: checking for 64-bit OS
configure:5447: gcc -c  -fno-strict-aliasing   conftest.c 1>&5
configure: In function 'main':
configure:5448: error: size of array 'static_assert_line_5447' is negative
configure: failed program was:
#line 5440 "configure"
#include "confdefs.h"

#define CONFIGURE_STATIC_ASSERT(condition) CONFIGURE_STATIC_ASSERT_IMPL(condition, __LINE__)
#define CONFIGURE_STATIC_ASSERT_IMPL(condition, line) CONFIGURE_STATIC_ASSERT_IMPL2(condition, line)
#define CONFIGURE_STATIC_ASSERT_IMPL2(condition, line) typedef int static_assert_line_##line[(condition) ? 1 : -1]

int main() {
CONFIGURE_STATIC_ASSERT(sizeof(long) == 8)
; return 0; }
configure:7024: checking for ANSI C header files
configure:7037: gcc -E   conftest.c >/dev/null 2>conftest.out
configure:7104: gcc -o conftest  -fno-strict-aliasing    conftest.c  1>&5
configure: In function 'main':
configure:7099: warning: incompatible implicit declaration of built-in function 'exit'
configure:7128: checking for working const
configure:7182: gcc -c  -fno-strict-aliasing   conftest.c 1>&5
configure:7203: checking for mode_t
configure:7236: checking for off_t
configure:7269: checking for pid_t
configure:7302: checking for size_t
configure:7335: checking for st_blksize in struct stat
configure:7348: gcc -c  -fno-strict-aliasing   conftest.c 1>&5
configure:7369: checking for siginfo_t
configure:7382: gcc -c  -fno-strict-aliasing   conftest.c 1>&5
configure:7407: checking for stdint.h
configure:7417: gcc -E   conftest.c >/dev/null 2>conftest.out
configure:7653: checking for the size of void*
configure:7671: gcc -c  -fno-strict-aliasing   conftest.c 1>&5
configure:7708: checking for the alignment of void*
configure:7729: gcc -c  -fno-strict-aliasing   conftest.c 1>&5
configure: In function 'main':
configure:7723: error: size of array 'a' is negative
configure: failed program was:
#line 7716 "configure"
#include "confdefs.h"

                     #include <stddef.h>
                     struct aligner { char c; void* a; };
                   
int main() {

                     int a[offsetof(struct aligner, a) == 2 ? 1 : -1];
                     return;
                   
; return 0; }
configure:7729: gcc -c  -fno-strict-aliasing   conftest.c 1>&5
configure:7752: checking for the size of double
configure:7770: gcc -c  -fno-strict-aliasing   conftest.c 1>&5
configure: In function 'main':
configure:7764: error: size of array 'a' is negative
configure: failed program was:
#line 7760 "configure"
#include "confdefs.h"

int main() {

                     int a[sizeof (double) == 6 ? 1 : -1];
                     return;
                   
; return 0; }
configure:7770: gcc -c  -fno-strict-aliasing   conftest.c 1>&5
configure:7793: checking for int16_t
configure:7806: gcc -c  -fno-strict-aliasing   conftest.c 1>&5
configure:7828: checking for int32_t
configure:7841: gcc -c  -fno-strict-aliasing   conftest.c 1>&5
configure:7863: checking for int64_t
configure:7876: gcc -c  -fno-strict-aliasing   conftest.c 1>&5
configure:7898: checking for int64
configure:7911: gcc -c  -fno-strict-aliasing   conftest.c 1>&5
configure: In function 'main':
configure:7907: error: 'int64' undeclared (first use in this function)
configure:7907: error: (Each undeclared identifier is reported only once
configure:7907: error: for each function it appears in.)
configure:7907: error: expected ';' before 'foo'
configure: failed program was:
#line 7903 "configure"
#include "confdefs.h"
#include <stdio.h>
                  #include <sys/types.h>
int main() {
int64 foo = 0;
; return 0; }
configure:7933: checking for uint
configure:7946: gcc -c  -fno-strict-aliasing   conftest.c 1>&5
configure:7968: checking for uint_t
configure:7981: gcc -c  -fno-strict-aliasing   conftest.c 1>&5
configure: In function 'main':
configure:7977: error: 'uint_t' undeclared (first use in this function)
configure:7977: error: (Each undeclared identifier is reported only once
configure:7977: error: for each function it appears in.)
configure:7977: error: expected ';' before 'foo'
configure: failed program was:
#line 7973 "configure"
#include "confdefs.h"
#include <stdio.h>
                  #include <sys/types.h>
int main() {
uint_t foo = 0;
; return 0; }
configure:8003: checking for uint16_t
configure:8016: gcc -c  -fno-strict-aliasing   conftest.c 1>&5
configure: In function 'main':
configure:8012: error: 'uint16_t' undeclared (first use in this function)
configure:8012: error: (Each undeclared identifier is reported only once
configure:8012: error: for each function it appears in.)
configure:8012: error: expected ';' before 'foo'
configure: failed program was:
#line 8008 "configure"
#include "confdefs.h"
#include <stdio.h>
                  #include <sys/types.h>
int main() {
uint16_t foo = 0;
; return 0; }
configure:8047: checking for uname.domainname
configure:8060: c++ -c  -fno-strict-aliasing   conftest.C 1>&5
configure:8084: checking for uname.__domainname
configure:8097: c++ -c  -fno-strict-aliasing   conftest.C 1>&5
configure: In function 'int main()':
configure:8093: error: 'struct utsname' has no member named '__domainname'
configure: failed program was:
#line 8089 "configure"
#include "confdefs.h"
#include <sys/utsname.h>
int main() {
 struct utsname *res; char *domain; 
            (void)uname(res);  if (res != 0) { domain = res->__domainname; } 
; return 0; }
configure:8130: checking for usable wchar_t (2 bytes, unsigned)
configure:8144: gcc -c  -fno-strict-aliasing   conftest.c 1>&5
configure: In function 'main':
configure:8143: error: size of array 'static_assert_line_8143' is negative
configure:8145: error: size of array 'static_assert_line_8144' is negative
configure: failed program was:
#line 8135 "configure"
#include "confdefs.h"
#include <stddef.h>
                     
#define CONFIGURE_STATIC_ASSERT(condition) CONFIGURE_STATIC_ASSERT_IMPL(condition, __LINE__)
#define CONFIGURE_STATIC_ASSERT_IMPL(condition, line) CONFIGURE_STATIC_ASSERT_IMPL2(condition, line)
#define CONFIGURE_STATIC_ASSERT_IMPL2(condition, line) typedef int static_assert_line_##line[(condition) ? 1 : -1]

int main() {
CONFIGURE_STATIC_ASSERT(sizeof(wchar_t) == 2);
                     CONFIGURE_STATIC_ASSERT((wchar_t)-1 > (wchar_t) 0)
; return 0; }
configure:8177: checking for compiler -fshort-wchar option
configure:8191: c++ -o conftest  -fno-strict-aliasing -fshort-wchar    conftest.C  1>&5
configure:8226: checking for visibility(hidden) attribute
configure:8251: checking for visibility(default) attribute
configure:8276: checking for visibility pragma support
configure:8301: checking For gcc visibility bug with class-level attributes (GCC bug 26905)
configure:8329: checking For x86_64 gcc visibility bug with builtins (GCC bug 20297)
configure:8382: checking for dirent.h that defines DIR
configure:8395: gcc -c  -fno-strict-aliasing   conftest.c 1>&5
configure:8420: checking for opendir in -ldir
configure:8439: gcc -o conftest  -fno-strict-aliasing    conftest.c -ldir   1>&5
/usr/bin/ld: cannot find -ldir
collect2: ld returned 1 exit status
configure: failed program was:
#line 8428 "configure"
#include "confdefs.h"
/* Override any gcc2 internal prototype to avoid an error.  */
/* We use char because int might match the return type of a gcc2
    builtin and then its argument prototype would still apply.  */
char opendir();

int main() {
opendir()
; return 0; }
configure:8512: checking for sys/byteorder.h
configure:8522: gcc -E   conftest.c >/dev/null 2>conftest.out
configure:8518:27: error: sys/byteorder.h: No such file or directory
configure: failed program was:
#line 8517 "configure"
#include "confdefs.h"
#include <sys/byteorder.h>
configure:8512: checking for compat.h
configure:8522: gcc -E   conftest.c >/dev/null 2>conftest.out
configure:8518:20: error: compat.h: No such file or directory
configure: failed program was:
#line 8517 "configure"
#include "confdefs.h"
#include <compat.h>
configure:8512: checking for getopt.h
configure:8522: gcc -E   conftest.c >/dev/null 2>conftest.out
configure:8552: checking for sys/bitypes.h
configure:8562: gcc -E   conftest.c >/dev/null 2>conftest.out
configure:8552: checking for memory.h
configure:8562: gcc -E   conftest.c >/dev/null 2>conftest.out
configure:8552: checking for unistd.h
configure:8562: gcc -E   conftest.c >/dev/null 2>conftest.out
configure:8592: checking for gnu/libc-version.h
configure:8602: gcc -E   conftest.c >/dev/null 2>conftest.out
configure:8592: checking for nl_types.h
configure:8602: gcc -E   conftest.c >/dev/null 2>conftest.out
configure:8632: checking for malloc.h
configure:8642: gcc -E   conftest.c >/dev/null 2>conftest.out
configure:8672: checking for X11/XKBlib.h
configure:8682: gcc -E   conftest.c >/dev/null 2>conftest.out
configure:8713: checking for sys/statvfs.h
configure:8723: gcc -E   conftest.c >/dev/null 2>conftest.out
configure:8713: checking for sys/statfs.h
configure:8723: gcc -E   conftest.c >/dev/null 2>conftest.out
configure:8713: checking for sys/vfs.h
configure:8723: gcc -E   conftest.c >/dev/null 2>conftest.out
configure:8713: checking for sys/mount.h
configure:8723: gcc -E   conftest.c >/dev/null 2>conftest.out
configure:8754: checking for mmintrin.h
configure:8764: gcc -E   conftest.c >/dev/null 2>conftest.out
In file included from configure:8760:
/usr/lib/gcc/i486-linux-gnu/4.3.3/include/mmintrin.h:35:3: error: #error "MMX instruction set not enabled"
configure: failed program was:
#line 8759 "configure"
#include "confdefs.h"
#include <mmintrin.h>
configure:8801: checking for new
configure:8811: c++ -E   conftest.C >/dev/null 2>conftest.out
configure:8903: checking for sys/cdefs.h
configure:8913: gcc -E   conftest.c >/dev/null 2>conftest.out
configure:8947: checking for gethostbyname_r in -lc_r
configure:8966: gcc -o conftest  -fno-strict-aliasing    conftest.c -lc_r   1>&5
/usr/bin/ld: cannot find -lc_r
collect2: ld returned 1 exit status
configure: failed program was:
#line 8955 "configure"
#include "confdefs.h"
/* Override any gcc2 internal prototype to avoid an error.  */
/* We use char because int might match the return type of a gcc2
    builtin and then its argument prototype would still apply.  */
char gethostbyname_r();

int main() {
gethostbyname_r()
; return 0; }
configure:9003: checking for atan in -lm
configure:9022: gcc -o conftest  -fno-strict-aliasing    conftest.c -lm   1>&5
configure:9015: warning: conflicting types for built-in function 'atan'
configure:9050: checking for dlopen in -ldl
configure:9069: gcc -o conftest  -fno-strict-aliasing    conftest.c -ldl  -lm  1>&5
configure:9086: checking for dlfcn.h
configure:9096: gcc -E   conftest.c >/dev/null 2>conftest.out
configure:9133: checking for dladdr
configure:9161: gcc -o conftest  -fno-strict-aliasing -D_GNU_SOURCE    conftest.c -ldl -lm  1>&5
configure:9291: checking for socket in -lsocket
configure:9310: gcc -o conftest  -fno-strict-aliasing    conftest.c -lsocket  -ldl -lm  1>&5
/usr/bin/ld: cannot find -lsocket
collect2: ld returned 1 exit status
configure: failed program was:
#line 9299 "configure"
#include "confdefs.h"
/* Override any gcc2 internal prototype to avoid an error.  */
/* We use char because int might match the return type of a gcc2
    builtin and then its argument prototype would still apply.  */
char socket();

int main() {
socket()
; return 0; }
configure:9339: checking for ARM SIMD support
configure:9348: gcc -c  -fno-strict-aliasing   conftest.c 1>&5
configure: Assembler messages:
configure:9344: Error: no such instruction: `uqadd8 r1,r1,r2'
configure: failed program was:
#line 9341 "configure"
#include "confdefs.h"

int main() {
asm("uqadd8 r1, r1, r2");
; return 0; }
configure:9375: checking for pthread_create in -lpthreads
gcc -o dummy dummy.c  -fno-strict-aliasing   -lpthreads  -ldl -lm 
/usr/bin/ld: cannot find -lpthreads
collect2: ld returned 1 exit status
configure:9398: checking for pthread_create in -lpthread
gcc -o dummy dummy.c  -fno-strict-aliasing   -lpthread  -ldl -lm 
configure:9503: checking whether gcc accepts -pthread
configure:9621: checking whether mmap() sees write()s
configure:9664: gcc -o conftest  -fno-strict-aliasing -pthread   -lpthread  conftest.c -ldl -lm  1>&5
configure:9689: checking whether gcc needs -traditional
configure:9735: checking for 8-bit clean memcmp
configure:9753: gcc -o conftest  -fno-strict-aliasing -pthread   -lpthread  conftest.c -ldl -lm  1>&5
configure: In function 'main':
configure:9748: warning: incompatible implicit declaration of built-in function 'exit'
configure:9773: checking for random
configure:9801: gcc -o conftest  -fno-strict-aliasing -pthread   -lpthread  conftest.c -ldl -lm  1>&5
configure:9773: checking for strerror
configure:9801: gcc -o conftest  -fno-strict-aliasing -pthread   -lpthread  conftest.c -ldl -lm  1>&5
configure:9773: checking for lchown
configure:9801: gcc -o conftest  -fno-strict-aliasing -pthread   -lpthread  conftest.c -ldl -lm  1>&5
configure:9773: checking for fchmod
configure:9801: gcc -o conftest  -fno-strict-aliasing -pthread   -lpthread  conftest.c -ldl -lm  1>&5
configure:9773: checking for snprintf
configure:9801: gcc -o conftest  -fno-strict-aliasing -pthread   -lpthread  conftest.c -ldl -lm  1>&5
configure:9785: warning: conflicting types for built-in function 'snprintf'
configure:9773: checking for statvfs
configure:9801: gcc -o conftest  -fno-strict-aliasing -pthread   -lpthread  conftest.c -ldl -lm  1>&5
configure:9773: checking for memmove
configure:9801: gcc -o conftest  -fno-strict-aliasing -pthread   -lpthread  conftest.c -ldl -lm  1>&5
configure:9785: warning: conflicting types for built-in function 'memmove'
configure:9773: checking for rint
configure:9801: gcc -o conftest  -fno-strict-aliasing -pthread   -lpthread  conftest.c -ldl -lm  1>&5
configure:9785: warning: conflicting types for built-in function 'rint'
configure:9773: checking for stat64
configure:9801: gcc -o conftest  -fno-strict-aliasing -pthread   -lpthread  conftest.c -ldl -lm  1>&5
configure:9773: checking for lstat64
configure:9801: gcc -o conftest  -fno-strict-aliasing -pthread   -lpthread  conftest.c -ldl -lm  1>&5
configure:9773: checking for truncate64
configure:9801: gcc -o conftest  -fno-strict-aliasing -pthread   -lpthread  conftest.c -ldl -lm  1>&5
configure:9773: checking for statvfs64
configure:9801: gcc -o conftest  -fno-strict-aliasing -pthread   -lpthread  conftest.c -ldl -lm  1>&5
configure:9828: checking for flockfile
configure:9856: gcc -o conftest  -fno-strict-aliasing -pthread   -lpthread  conftest.c -ldl -lm  1>&5
configure:9828: checking for getpagesize
configure:9856: gcc -o conftest  -fno-strict-aliasing -pthread   -lpthread  conftest.c -ldl -lm  1>&5
configure:9883: checking for localtime_r
configure:9911: gcc -o conftest  -fno-strict-aliasing -pthread   -lpthread  conftest.c -ldl -lm  1>&5
configure:9883: checking for strtok_r
configure:9911: gcc -o conftest  -fno-strict-aliasing -pthread   -lpthread  conftest.c -ldl -lm  1>&5
configure:9946: checking for wcrtomb
configure:9958: c++ -o conftest  -fno-strict-aliasing -fshort-wchar -pthread   -lpthread  conftest.C -ldl -lm  1>&5
configure:9978: checking for mbrtowc
configure:9990: c++ -o conftest  -fno-strict-aliasing -fshort-wchar -pthread   -lpthread  conftest.C -ldl -lm  1>&5
configure:10019: checking for res_ninit()
configure:10036: gcc -o conftest  -fno-strict-aliasing -pthread   -lpthread  conftest.c -ldl -lm  1>&5
configure:10066: checking for gnu_get_libc_version()
configure:10082: c++ -o conftest  -fno-strict-aliasing -fshort-wchar -pthread   -lpthread  conftest.C -ldl -lm  1>&5
configure:10111: checking for iconv in -lc
configure:10133: c++ -o conftest  -fno-strict-aliasing -fshort-wchar -pthread   -lpthread  conftest.C -lc  -ldl -lm  1>&5
configure:10242: checking for iconv()
configure:10261: c++ -o conftest  -fno-strict-aliasing -fshort-wchar -pthread   -lpthread  conftest.C -ldl -lm   1>&5
configure:10285: checking for iconv() with const input
configure:10305: c++ -c  -fno-strict-aliasing -fshort-wchar -pthread   conftest.C 1>&5
configure: In function 'int main()':
configure:10299: error: invalid conversion from 'const char**' to 'char**'
configure:10299: error:   initializing argument 2 of 'size_t iconv(void*, char**, size_t*, char**, size_t*)'
configure: failed program was:
#line 10290 "configure"
#include "confdefs.h"

            #include <stdlib.h>
            #include <iconv.h>
            
int main() {

                const char *input = "testing";
                iconv_t h = iconv_open("", "");
                iconv(h, &input, NULL, NULL, NULL);
                iconv_close(h);
            
; return 0; }
configure:10341: checking for an implementation of va_copy()
configure:10365: gcc -o conftest  -fno-strict-aliasing -pthread   -lpthread  conftest.c -ldl -lm  1>&5
configure: In function 'f':
configure:10359: warning: incompatible implicit declaration of built-in function 'exit'
configure:10382: checking for an implementation of __va_copy()
configure:10406: gcc -o conftest  -fno-strict-aliasing -pthread   -lpthread  conftest.c -ldl -lm  1>&5
configure: In function 'f':
configure:10400: warning: incompatible implicit declaration of built-in function 'exit'
configure:10423: checking whether va_lists can be copied by value
configure:10447: gcc -o conftest  -fno-strict-aliasing -pthread   -lpthread  conftest.c -ldl -lm  1>&5
configure: In function 'f':
configure:10441: warning: incompatible implicit declaration of built-in function 'exit'
configure:10546: checking for C++ exceptions flag
configure:10581: checking for gcc 3.0 ABI
configure:10599: c++ -c  -fno-strict-aliasing -fshort-wchar -pthread   conftest.C 1>&5
configure:10623: checking for C++ "explicit" keyword
configure:10638: c++ -c  -fno-strict-aliasing -fshort-wchar -pthread   conftest.C 1>&5
configure:10659: checking for C++ "typename" keyword
configure:10683: c++ -c  -fno-strict-aliasing -fshort-wchar -pthread   conftest.C 1>&5
configure:10704: checking for modern C++ template specialization syntax support
configure:10719: c++ -c  -fno-strict-aliasing -fshort-wchar -pthread   conftest.C 1>&5
configure:10741: checking whether partial template specialization works
configure:10754: c++ -c  -fno-strict-aliasing -fshort-wchar -pthread   conftest.C 1>&5
configure:10775: checking whether operators must be re-defined for templates derived from templates
configure:10792: c++ -c  -fno-strict-aliasing -fshort-wchar -pthread   conftest.C 1>&5
configure:10814: checking whether we need to cast a derived template to pass as its base class
configure:10828: c++ -c  -fno-strict-aliasing -fshort-wchar -pthread   conftest.C 1>&5
configure:10849: checking whether the compiler can resolve const ambiguities for templates
configure:10875: c++ -c  -fno-strict-aliasing -fshort-wchar -pthread   conftest.C 1>&5
configure:10897: checking whether the C++ "using" keyword can change access
configure:10910: c++ -c  -fno-strict-aliasing -fshort-wchar -pthread   conftest.C 1>&5
configure:10921: c++ -c  -fno-strict-aliasing -fshort-wchar -pthread   conftest.C 1>&5
configure: In function 'int main()':
configure:10914: error: 'int A::foo()' is inaccessible
configure:10917: error: within this context
configure: failed program was:
#line 10913 "configure"
#include "confdefs.h"
class A { public: int foo() { return 1; } };
                       class B : public A { private: using A::foo; };
int main() {
B b; return b.foo();
; return 0; }
configure:10949: checking whether the C++ "using" keyword resolves ambiguity
configure:10970: c++ -c  -fno-strict-aliasing -fshort-wchar -pthread   conftest.C 1>&5
configure:10991: checking for "std::" namespace
configure:11003: c++ -c  -fno-strict-aliasing -fshort-wchar -pthread   conftest.C 1>&5
configure:11024: checking whether standard template operator!=() is ambiguous
configure:11039: c++ -c  -fno-strict-aliasing -fshort-wchar -pthread   conftest.C 1>&5
configure:11061: checking for C++ reinterpret_cast
configure:11074: c++ -c  -fno-strict-aliasing -fshort-wchar -pthread   conftest.C 1>&5
configure:11095: checking for C++ dynamic_cast to void*
configure:11119: c++ -o conftest  -fno-strict-aliasing -fshort-wchar -pthread   -lpthread  conftest.C -ldl -lm  1>&5
configure:11143: checking whether C++ requires implementation of unused virtual methods
configure:11155: c++ -o conftest  -fno-strict-aliasing -fshort-wchar -pthread   -lpthread  conftest.C -ldl -lm  1>&5
/tmp/ccGgQwk6.o: In function `X::X()':
conftest.C:(.text._ZN1XC1Ev[X::X()]+0x8): undefined reference to `vtable for X'
collect2: ld returned 1 exit status
configure: failed program was:
#line 11148 "configure"
#include "confdefs.h"
class X {private: virtual void never_called();};
int main() {
X x;
; return 0; }
configure:11178: checking for trouble comparing to zero near std::operator!=()
configure:11194: c++ -c  -fno-strict-aliasing -fshort-wchar -pthread   conftest.C 1>&5
configure:11226: checking for LC_MESSAGES
configure:11238: gcc -c  -fno-strict-aliasing -pthread   conftest.c 1>&5
configure:11636: checking for valid optimization flags
configure:11647: gcc -c  -fno-strict-aliasing -pthread -Os -freorder-blocks -fno-reorder-functions    conftest.c 1>&5
configure:12233: checking for __builtin_vec_new
configure:12264: c++ -o conftest  -fno-strict-aliasing -fshort-wchar -pthread   -lpthread  conftest.C -ldl -lm  1>&5
/tmp/ccuwbbH8.o: In function `main':
conftest.C:(.text+0x12): undefined reference to `__builtin_vec_new'
collect2: ld returned 1 exit status
configure: failed program was:
#line 12238 "configure"
#include "confdefs.h"
/* System header to define __stub macros and hopefully few prototypes,
    which can conflict with char __builtin_vec_new(); below.  */
#include <assert.h>
/* Override any gcc2 internal prototype to avoid an error.  */
#ifdef __cplusplus
extern "C"
#endif
/* We use char because int might match the return type of a gcc2
    builtin and then its argument prototype would still apply.  */
char __builtin_vec_new();

int main() {

/* The GNU C library defines this for functions which it implements
    to always fail with ENOSYS.  Some functions are actually named
    something starting with __ and the normal name is an alias.  */
#if defined (__stub___builtin_vec_new) || defined (__stub_____builtin_vec_new)
choke me
#else
__builtin_vec_new();
#endif

; return 0; }
configure:12233: checking for __builtin_vec_delete
configure:12264: c++ -o conftest  -fno-strict-aliasing -fshort-wchar -pthread   -lpthread  conftest.C -ldl -lm  1>&5
/tmp/ccxE9Sul.o: In function `main':
conftest.C:(.text+0x12): undefined reference to `__builtin_vec_delete'
collect2: ld returned 1 exit status
configure: failed program was:
#line 12238 "configure"
#include "confdefs.h"
/* System header to define __stub macros and hopefully few prototypes,
    which can conflict with char __builtin_vec_delete(); below.  */
#include <assert.h>
/* Override any gcc2 internal prototype to avoid an error.  */
#ifdef __cplusplus
extern "C"
#endif
/* We use char because int might match the return type of a gcc2
    builtin and then its argument prototype would still apply.  */
char __builtin_vec_delete();

int main() {

/* The GNU C library defines this for functions which it implements
    to always fail with ENOSYS.  Some functions are actually named
    something starting with __ and the normal name is an alias.  */
#if defined (__stub___builtin_vec_delete) || defined (__stub_____builtin_vec_delete)
choke me
#else
__builtin_vec_delete();
#endif

; return 0; }
configure:12233: checking for __builtin_new
configure:12264: c++ -o conftest  -fno-strict-aliasing -fshort-wchar -pthread   -lpthread  conftest.C -ldl -lm  1>&5
/tmp/ccIsIbQr.o: In function `main':
conftest.C:(.text+0x12): undefined reference to `__builtin_new'
collect2: ld returned 1 exit status
configure: failed program was:
#line 12238 "configure"
#include "confdefs.h"
/* System header to define __stub macros and hopefully few prototypes,
    which can conflict with char __builtin_new(); below.  */
#include <assert.h>
/* Override any gcc2 internal prototype to avoid an error.  */
#ifdef __cplusplus
extern "C"
#endif
/* We use char because int might match the return type of a gcc2
    builtin and then its argument prototype would still apply.  */
char __builtin_new();

int main() {

/* The GNU C library defines this for functions which it implements
    to always fail with ENOSYS.  Some functions are actually named
    something starting with __ and the normal name is an alias.  */
#if defined (__stub___builtin_new) || defined (__stub_____builtin_new)
choke me
#else
__builtin_new();
#endif

; return 0; }
configure:12233: checking for __builtin_delete
configure:12264: c++ -o conftest  -fno-strict-aliasing -fshort-wchar -pthread   -lpthread  conftest.C -ldl -lm  1>&5
/tmp/ccARPweR.o: In function `main':
conftest.C:(.text+0x12): undefined reference to `__builtin_delete'
collect2: ld returned 1 exit status
configure: failed program was:
#line 12238 "configure"
#include "confdefs.h"
/* System header to define __stub macros and hopefully few prototypes,
    which can conflict with char __builtin_delete(); below.  */
#include <assert.h>
/* Override any gcc2 internal prototype to avoid an error.  */
#ifdef __cplusplus
extern "C"
#endif
/* We use char because int might match the return type of a gcc2
    builtin and then its argument prototype would still apply.  */
char __builtin_delete();

int main() {

/* The GNU C library defines this for functions which it implements
    to always fail with ENOSYS.  Some functions are actually named
    something starting with __ and the normal name is an alias.  */
#if defined (__stub___builtin_delete) || defined (__stub_____builtin_delete)
choke me
#else
__builtin_delete();
#endif

; return 0; }
configure:12233: checking for __pure_virtual
configure:12264: c++ -o conftest  -fno-strict-aliasing -fshort-wchar -pthread   -lpthread  conftest.C -ldl -lm  1>&5
/tmp/ccEwMBwb.o: In function `main':
conftest.C:(.text+0x12): undefined reference to `__pure_virtual'
collect2: ld returned 1 exit status
configure: failed program was:
#line 12238 "configure"
#include "confdefs.h"
/* System header to define __stub macros and hopefully few prototypes,
    which can conflict with char __pure_virtual(); below.  */
#include <assert.h>
/* Override any gcc2 internal prototype to avoid an error.  */
#ifdef __cplusplus
extern "C"
#endif
/* We use char because int might match the return type of a gcc2
    builtin and then its argument prototype would still apply.  */
char __pure_virtual();

int main() {

/* The GNU C library defines this for functions which it implements
    to always fail with ENOSYS.  Some functions are actually named
    something starting with __ and the normal name is an alias.  */
#if defined (__stub___pure_virtual) || defined (__stub_____pure_virtual)
choke me
#else
__pure_virtual();
#endif

; return 0; }
configure:12410: checking for __cxa_demangle
configure:12441: c++ -o conftest  -fno-strict-aliasing -fshort-wchar -pthread   -lpthread  conftest.C -ldl -lm  1>&5
configure:12489: checking for unwind.h
configure:12499: gcc -E   conftest.c >/dev/null 2>conftest.out
configure:12518: checking for _Unwind_Backtrace
configure:12546: gcc -o conftest  -fno-strict-aliasing -pthread   -lpthread  conftest.c -ldl -lm  1>&5
configure:12595: checking for gcc -pipe support
dummy-hello.c:2:21: warning: missing terminating " character
dummy-hello.c: In function 'main':
dummy-hello.c:2: error: missing terminating " character
dummy-hello.c:3:1: warning: missing terminating " character
dummy-hello.c:3: error: missing terminating " character
dummy-hello.c:3: error: expected expression at end of input
dummy-hello.c:3: warning: format not a string literal and no format arguments
dummy-hello.c:3: error: expected declaration or statement at end of input
configure:12617: gcc -c  -fno-strict-aliasing -pthread -pipe   conftest.c 1>&5
configure:12659: checking whether compiler supports -Wno-long-long
configure:12668: gcc -c  -fno-strict-aliasing -pthread -pipe -Wno-long-long   conftest.c 1>&5
configure:12704: checking whether C compiler supports -fprofile-generate
configure:12713: gcc -c  -fno-strict-aliasing -pthread -pipe -fprofile-generate   conftest.c 1>&5
configure:12812: checking whether C++ compiler has -pedantic long long bug
configure:12821: c++ -c  -fno-strict-aliasing -fshort-wchar -pthread -pipe  -Wall -Wpointer-arith -Woverloaded-virtual -Wsynth -Wno-ctor-dtor-privacy -Wno-non-virtual-dtor -Wcast-align -Wno-invalid-offsetof -Wno-long-long -pedantic   conftest.C 1>&5
configure:12846: checking for correct temporary object destruction order
configure:12871: c++ -o conftest  -fno-strict-aliasing -fshort-wchar -pthread -pipe   -lpthread  conftest.C -ldl -lm  1>&5
configure:12892: checking for correct overload resolution with const and templates
configure:12927: c++ -c  -fno-strict-aliasing -fshort-wchar -pthread -pipe  -Wall -Wpointer-arith -Woverloaded-virtual -Wsynth -Wno-ctor-dtor-privacy -Wno-non-virtual-dtor -Wcast-align -Wno-invalid-offsetof -Wno-long-long -pedantic   conftest.C 1>&5
configure:12950: checking for tm_zone tm_gmtoff in struct tm
configure:12962: c++ -c  -fno-strict-aliasing -fshort-wchar -pthread -pipe   conftest.C 1>&5
